<?xml version="1.0" encoding="UTF-8"?>
<!-- Generated by org.testng.reporters.JUnitXMLReporter -->
<testsuite hostname="Rajni-PC" ignored="0" name="banking app test"
	tests="1" failures="0" timestamp="19 Feb 2019 11:00:33 GMT" time="0.337"
	errors="0">
	<testcase name="@BeforeClass setup" time="0.0"
		classname="com.banking.baseclass.Base">
		<failure type="java.lang.IllegalStateException"
			message="The driver executable does not exist: C:\Users\Rajni\eclipse-workspace\banking\UsersRajnieclipse-workspacebankingdriverchromedriver_2.40.exe">
      <![CDATA[java.lang.IllegalStateException: The driver executable does not exist: C:\Users\Rajni\eclipse-workspace\banking\UsersRajnieclipse-workspacebankingdriverchromedriver_2.40.exe
	at com.google.common.base.Preconditions.checkState(Preconditions.java:585)
	at org.openqa.selenium.remote.service.DriverService.checkExecutable(DriverService.java:137)
	at org.openqa.selenium.remote.service.DriverService.findExecutable(DriverService.java:132)
	at org.openqa.selenium.chrome.ChromeDriverService.access$000(ChromeDriverService.java:35)
	at org.openqa.selenium.chrome.ChromeDriverService$Builder.findDefaultExecutable(ChromeDriverService.java:156)
	at org.openqa.selenium.remote.service.DriverService$Builder.build(DriverService.java:346)
	at org.openqa.selenium.chrome.ChromeDriverService.createDefaultService(ChromeDriverService.java:91)
	at org.openqa.selenium.chrome.ChromeDriver.<init>(ChromeDriver.java:123)
	at com.banking.baseclass.Base.setup(Base.java:47)
... Removed 25 stack frames]]>
		</failure>
	</testcase> <!-- @BeforeClass setup -->
	<testcase name="@AfterClass tearDownn" time="0.0"
		classname="com.banking.baseclass.Base">
		<skipped />
	</testcase> <!-- @AfterClass tearDownn -->
	<testcase name="loginTest" time="0.003"
		classname="com.banking.test.TC_01_loginTest">
		<skipped />
	</testcase> <!-- loginTest -->
</testsuite> <!-- banking app test -->
